2020-03-01T20:24:53.734Z [warn] WARNING: {{forum/status-icon}} was not converted as it has positional parameters which can't be automatically converted. Source: app/templates/forum/categories/index.hbs
2020-03-01T20:24:53.750Z [warn] WARNING: {{forum/status-icon}} was not converted as it has positional parameters which can't be automatically converted. Source: app/templates/forum/categories/category/threads/index.hbs
2020-03-01T20:24:53.790Z [warn] WARNING: {{page-action}} was not converted as it has positional parameters which can't be automatically converted. Source: app/templates/components/page-actions-buttons.hbs
2020-03-01T20:24:53.805Z [warn] WARNING: {{capitalize}} was not converted as it has positional parameters which can't be automatically converted. Source: app/templates/static-pages/index.hbs
2020-03-01T20:24:53.816Z [warn] WARNING: {{lustrum/lustrum-bar}} was not converted as it has positional parameters which can't be automatically converted. Source: app/templates/lustrum.hbs
2020-03-01T20:24:53.847Z [warn] WARNING: {{form-control-feedback}} was not converted as it has positional parameters which can't be automatically converted. Source: app/templates/components/model-form/checkbox-input.hbs
2020-03-01T20:24:53.929Z [warn] WARNING: {{boolean-tag}} was not converted as it has positional parameters which can't be automatically converted. Source: app/templates/mail-aliases/index.hbs
2020-03-01T20:24:53.744Z [warn] WARNING: {{page-actions}} was not converted as it has positional parameters which can't be automatically converted. Source: app/templates/debit/transactions/edit.hbs
2020-03-01T20:24:53.784Z [warn] WARNING: {{form/responses-table-row}} was not converted as it has positional parameters which can't be automatically converted. Source: app/templates/form/responses/destroy.hbs
2020-03-01T20:24:53.926Z [warn] WARNING: {{lowercase}} was not converted as it has positional parameters which can't be automatically converted. Source: app/templates/components/form/response/form-closed-alert.hbs
2020-03-01T20:24:53.935Z [warn] WARNING: {{form-opened-label}} was not converted as it has positional parameters which can't be automatically converted. Source: app/templates/components/form/response/response-card.hbs
2020-03-01T20:24:53.935Z [warn] WARNING: {{form/response/response-form}} was not converted as it has positional parameters which can't be automatically converted. Source: app/templates/components/form/response/response-card.hbs
2020-03-01T20:24:53.944Z [warn] WARNING: {{form/response/open-question}} was not converted as it has positional parameters which can't be automatically converted. Source: app/templates/components/form/response/response-form.hbs
2020-03-01T20:24:53.944Z [warn] WARNING: {{form/response/multiple-choice-question}} was not converted as it has positional parameters which can't be automatically converted. Source: app/templates/components/form/response/response-form.hbs
2020-03-01T20:24:53.944Z [warn] WARNING: {{form/response/closed-question}} was not converted as it has positional parameters which can't be automatically converted. Source: app/templates/components/form/response/response-form.hbs
2020-03-01T20:24:53.992Z [warn] WARNING: {{lowercase}} was not converted as it has positional parameters which can't be automatically converted. Source: app/templates/components/form/response/response-completed-alert.hbs
2020-03-01T20:24:53.896Z [warn] WARNING: {{user-comment}} was not converted as it has positional parameters which can't be automatically converted. Source: app/templates/photo-albums/photo-album/photos/show.hbs
2020-03-01T20:24:53.945Z [warn] WARNING: {{page-actions-buttons}} was not converted as it has positional parameters which can't be automatically converted. Source: app/templates/photo-albums/photo-album/photos/index.hbs
2020-03-01T20:24:54.004Z [warn] WARNING: {{forum/forum-post}} was not converted as it has positional parameters which can't be automatically converted. Source: app/templates/forum/categories/category/threads/thread/posts/index.hbs
2020-03-01T20:24:54.035Z [warn] WARNING: {{markdown-to-html}} was not converted as it has positional parameters which can't be automatically converted. Source: app/templates/components/forum/forum-post.hbs
2020-03-01T20:24:54.059Z [warn] WARNING: {{humanize-almanak-subscription-preference}} was not converted as it has positional parameters which can't be automatically converted. Source: app/templates/users/show-settings.hbs
2020-03-01T20:24:53.819Z [warn] WARNING: {{lustrum/lustrum-bar}} was not converted as it has positional parameters which can't be automatically converted. Source: app/templates/lustrum.hbs
2020-03-01T20:24:53.915Z [warn] WARNING: {{page-actions-buttons}} was not converted as it has positional parameters which can't be automatically converted. Source: app/templates/activities/index.hbs
2020-03-01T20:24:53.928Z [warn] WARNING: {{form/status-icon}} was not converted as it has positional parameters which can't be automatically converted. Source: app/templates/activities/index.hbs
2020-03-01T20:24:54.003Z [warn] WARNING: {{form-control-feedback}} was not converted as it has positional parameters which can't be automatically converted. Source: app/templates/activities/form.hbs
2020-03-01T20:24:54.005Z [warn] WARNING: {{form/form-form}} was not converted as it has positional parameters which can't be automatically converted. Source: app/templates/activities/form.hbs
2020-03-01T20:24:54.126Z [warn] WARNING: {{form/responses-table}} was not converted as it has positional parameters which can't be automatically converted. Source: app/templates/activities/print-enrolled.hbs
2020-03-01T20:24:54.138Z [warn] WARNING: {{cards/activity-card}} was not converted as it has positional parameters which can't be automatically converted. Source: app/templates/activities/show.hbs
2020-03-01T20:24:54.138Z [warn] WARNING: {{form/response/response-card}} was not converted as it has positional parameters which can't be automatically converted. Source: app/templates/activities/show.hbs
2020-03-01T20:24:54.138Z [warn] WARNING: {{form/response/response-completed-alert}} was not converted as it has positional parameters which can't be automatically converted. Source: app/templates/activities/show.hbs
2020-03-01T20:24:54.139Z [warn] WARNING: {{form/response/form-closed-alert}} was not converted as it has positional parameters which can't be automatically converted. Source: app/templates/activities/show.hbs
2020-03-01T20:24:54.139Z [warn] WARNING: {{form/responses-table-card}} was not converted as it has positional parameters which can't be automatically converted. Source: app/templates/activities/show.hbs
2020-03-01T20:24:54.176Z [warn] WARNING: {{form/status-dot}} was not converted as it has positional parameters which can't be automatically converted. Source: app/templates/components/tools/upcoming-activities.hbs
2020-03-01T20:24:54.253Z [warn] WARNING: {{cards/article-card}} was not converted as it has positional parameters which can't be automatically converted. Source: app/templates/articles/index.hbs
2020-03-01T20:24:53.821Z [warn] WARNING: {{markdown-to-html}} was not converted as it has positional parameters which can't be automatically converted. Source: app/templates/static-pages/show.hbs
2020-03-01T20:24:54.116Z [warn] WARNING: {{cards/frontpage-activity-card-small}} was not converted as it has positional parameters which can't be automatically converted. Source: app/templates/components/index/index-activities.hbs
2020-03-01T20:24:54.121Z [warn] WARNING: {{markdown-to-html}} was not converted as it has positional parameters which can't be automatically converted. Source: app/templates/components/index/index-activities.hbs
2020-03-01T20:24:54.162Z [warn] WARNING: {{cards/article-card}} was not converted as it has positional parameters which can't be automatically converted. Source: app/templates/components/index/index-recent-news.hbs
2020-03-01T20:24:54.185Z [warn] WARNING: {{capitalize}} was not converted as it has positional parameters which can't be automatically converted. Source: app/templates/components/index/index-photos.hbs
2020-03-01T20:24:54.187Z [warn] WARNING: {{cards/photo-album-card}} was not converted as it has positional parameters which can't be automatically converted. Source: app/templates/components/index/index-photos.hbs
2020-03-01T20:24:54.272Z [warn] WARNING: {{not}} was not converted as it has positional parameters which can't be automatically converted. Source: app/templates/components/input/select-input.hbs
2020-03-01T20:24:54.273Z [warn] WARNING: {{eq}} was not converted as it has positional parameters which can't be automatically converted. Source: app/templates/components/input/select-input.hbs
2020-03-01T20:24:53.865Z [warn] WARNING: {{form-control-feedback}} was not converted as it has positional parameters which can't be automatically converted. Source: app/templates/components/model-form/date-input.hbs
2020-03-01T20:24:53.897Z [warn] WARNING: {{form-control-feedback}} was not converted as it has positional parameters which can't be automatically converted. Source: app/templates/components/model-form/datetime-input.hbs
2020-03-01T20:24:53.935Z [warn] WARNING: {{form-control-feedback}} was not converted as it has positional parameters which can't be automatically converted. Source: app/templates/components/model-form/file-input.hbs
2020-03-01T20:24:53.962Z [warn] WARNING: {{form-control-feedback}} was not converted as it has positional parameters which can't be automatically converted. Source: app/templates/components/model-form/md-input.hbs
2020-03-01T20:24:53.993Z [warn] WARNING: {{form-control-feedback}} was not converted as it has positional parameters which can't be automatically converted. Source: app/templates/components/model-form/radio-group.hbs
2020-03-01T20:24:54.019Z [warn] WARNING: {{form-control-feedback}} was not converted as it has positional parameters which can't be automatically converted. Source: app/templates/components/model-form/select-input.hbs
2020-03-01T20:24:54.038Z [warn] WARNING: {{form-control-feedback}} was not converted as it has positional parameters which can't be automatically converted. Source: app/templates/components/model-form/text-input.hbs
2020-03-01T20:24:54.040Z [warn] WARNING: {{form-control-feedback}} was not converted as it has positional parameters which can't be automatically converted. Source: app/templates/components/model-form/text-input.hbs
2020-03-01T20:24:54.162Z [warn] WARNING: {{form-control-feedback}} was not converted as it has positional parameters which can't be automatically converted. Source: app/templates/components/model-form/textarea-input.hbs
2020-03-01T20:24:54.163Z [warn] WARNING: {{form-control-feedback}} was not converted as it has positional parameters which can't be automatically converted. Source: app/templates/components/model-form/textarea-input.hbs
2020-03-01T20:24:54.174Z [warn] WARNING: {{permissions/permissions-table-item}} was not converted as it has positional parameters which can't be automatically converted. Source: app/templates/components/permissions/permissions-table.hbs
2020-03-01T20:24:54.202Z [warn] WARNING: {{poll/closed-question}} was not converted as it has positional parameters which can't be automatically converted. Source: app/templates/components/poll/poll-form.hbs
2020-03-01T20:24:53.994Z [warn] WARNING: {{boolean-tag}} was not converted as it has positional parameters which can't be automatically converted. Source: app/templates/mail-aliases/show.hbs
2020-03-01T20:24:54.192Z [warn] WARNING: {{cards/photo-album-card}} was not converted as it has positional parameters which can't be automatically converted. Source: app/templates/photo-albums/index.hbs
2020-03-01T20:24:54.232Z [warn] WARNING: {{user-comment}} was not converted as it has positional parameters which can't be automatically converted. Source: app/templates/photo-comments/index.hbs
2020-03-01T20:24:54.284Z [warn] WARNING: {{poll/poll-form}} was not converted as it has positional parameters which can't be automatically converted. Source: app/templates/polls/form.hbs
2020-03-01T20:24:54.307Z [warn] WARNING: {{form/status-icon}} was not converted as it has positional parameters which can't be automatically converted. Source: app/templates/polls/index.hbs
2020-03-01T20:24:54.362Z [warn] WARNING: {{form/response/response-form}} was not converted as it has positional parameters which can't be automatically converted. Source: app/templates/polls/show.hbs
2020-03-01T20:24:54.371Z [warn] WARNING: {{form/status-dot}} was not converted as it has positional parameters which can't be automatically converted. Source: app/templates/components/tools/closing-activities.hbs
2020-03-01T20:24:54.371Z [warn] WARNING: {{form-opened-label}} was not converted as it has positional parameters which can't be automatically converted. Source: app/templates/components/tools/closing-activities.hbs
2020-03-01T20:24:54.318Z [warn] WARNING: {{markdown-to-html}} was not converted as it has positional parameters which can't be automatically converted. Source: app/templates/components/lustrum/lustrum-bar.hbs
2020-03-01T20:24:54.335Z [warn] WARNING: {{form-control-feedback}} was not converted as it has positional parameters which can't be automatically converted. Source: app/templates/components/model-form/checkbox-group.hbs
2020-03-01T20:24:53.836Z [warn] WARNING: {{page-actions-buttons}} was not converted as it has positional parameters which can't be automatically converted. Source: app/templates/components/page-actions.hbs
2020-03-01T20:24:53.990Z [warn] WARNING: {{linkify}} was not converted as it has positional parameters which can't be automatically converted. Source: app/templates/components/quick-post.hbs
2020-03-01T20:24:54.286Z [warn] WARNING: {{capitalize}} was not converted as it has positional parameters which can't be automatically converted. Source: app/templates/groups/index.hbs
2020-03-01T20:24:54.289Z [warn] WARNING: {{capitalize}} was not converted as it has positional parameters which can't be automatically converted. Source: app/templates/groups/index.hbs
2020-03-01T20:24:54.291Z [warn] WARNING: {{capitalize}} was not converted as it has positional parameters which can't be automatically converted. Source: app/templates/groups/index.hbs
2020-03-01T20:24:54.388Z [warn] WARNING: {{page-actions-buttons}} was not converted as it has positional parameters which can't be automatically converted. Source: app/templates/groups/show.hbs
2020-03-01T20:24:54.389Z [warn] WARNING: {{markdown-to-html}} was not converted as it has positional parameters which can't be automatically converted. Source: app/templates/groups/show.hbs
2020-03-01T20:24:54.423Z [warn] WARNING: {{cards/frontpage-article-card}} was not converted as it has positional parameters which can't be automatically converted. Source: app/templates/index/authenticated.hbs
2020-03-01T20:24:54.432Z [warn] WARNING: {{index/index-recent-news}} was not converted as it has positional parameters which can't be automatically converted. Source: app/templates/index/public.hbs
2020-03-01T20:24:54.485Z [warn] WARNING: {{form-control-feedback}} was not converted as it has positional parameters which can't be automatically converted. Source: app/templates/mail-aliases/form.hbs
2020-03-01T20:24:54.486Z [warn] WARNING: {{form-control-feedback}} was not converted as it has positional parameters which can't be automatically converted. Source: app/templates/mail-aliases/form.hbs
2020-03-01T20:24:54.487Z [warn] WARNING: {{form-control-feedback}} was not converted as it has positional parameters which can't be automatically converted. Source: app/templates/mail-aliases/form.hbs
2020-03-01T20:24:54.429Z [warn] WARNING: {{page-actions}} was not converted as it has positional parameters which can't be automatically converted. Source: app/templates/debit/mandates/edit.hbs
2020-03-01T20:24:54.485Z [warn] WARNING: {{form-control-feedback}} was not converted as it has positional parameters which can't be automatically converted. Source: app/templates/debit/mandates/form.hbs
2020-03-01T20:24:54.514Z [warn] WARNING: {{page-actions}} was not converted as it has positional parameters which can't be automatically converted. Source: app/templates/debit/mandates/new.hbs
2020-03-01T20:24:54.521Z [warn] WARNING: {{page-actions}} was not converted as it has positional parameters which can't be automatically converted. Source: app/templates/debit/transactions/destroy.hbs
2020-03-01T20:24:54.061Z [warn] WARNING: {{humanize-digtus-subscription-preference}} was not converted as it has positional parameters which can't be automatically converted. Source: app/templates/users/show-settings.hbs
2020-03-01T20:24:54.061Z [warn] WARNING: {{boolean-tag}} was not converted as it has positional parameters which can't be automatically converted. Source: app/templates/users/show-settings.hbs
2020-03-01T20:24:54.061Z [warn] WARNING: {{boolean-tag}} was not converted as it has positional parameters which can't be automatically converted. Source: app/templates/users/show-settings.hbs
2020-03-01T20:24:54.168Z [warn] WARNING: {{boolean-tag}} was not converted as it has positional parameters which can't be automatically converted. Source: app/templates/users/show.hbs
2020-03-01T20:24:54.169Z [warn] WARNING: {{humanize-picture-publication-preference}} was not converted as it has positional parameters which can't be automatically converted. Source: app/templates/users/show.hbs
2020-03-01T20:24:54.307Z [warn] WARNING: {{markdown-to-html}} was not converted as it has positional parameters which can't be automatically converted. Source: app/templates/components/cards/activity-card.hbs
2020-03-01T20:24:54.371Z [warn] WARNING: {{clean-markdown}} was not converted as it has positional parameters which can't be automatically converted. Source: app/templates/components/cards/article-card.hbs
2020-03-01T20:24:54.371Z [warn] WARNING: {{markdown-to-html}} was not converted as it has positional parameters which can't be automatically converted. Source: app/templates/components/cards/article-card.hbs
2020-03-01T20:24:54.517Z [warn] WARNING: {{humanize-user-details-sharing-preference}} was not converted as it has positional parameters which can't be automatically converted. Source: app/templates/components/cards/privacy-preference.hbs
2020-03-01T20:24:54.517Z [warn] WARNING: {{boolean-tag}} was not converted as it has positional parameters which can't be automatically converted. Source: app/templates/components/cards/privacy-preference.hbs
2020-03-01T20:24:54.518Z [warn] WARNING: {{boolean-tag}} was not converted as it has positional parameters which can't be automatically converted. Source: app/templates/components/cards/privacy-preference.hbs
2020-03-01T20:24:54.518Z [warn] WARNING: {{boolean-tag}} was not converted as it has positional parameters which can't be automatically converted. Source: app/templates/components/cards/privacy-preference.hbs
2020-03-01T20:24:54.593Z [warn] WARNING: {{form/open-question}} was not converted as it has positional parameters which can't be automatically converted. Source: app/templates/components/form/form-form.hbs
2020-03-01T20:24:54.593Z [warn] WARNING: {{form/closed-question}} was not converted as it has positional parameters which can't be automatically converted. Source: app/templates/components/form/form-form.hbs
2020-03-01T20:24:54.604Z [warn] WARNING: {{form/responses-table}} was not converted as it has positional parameters which can't be automatically converted. Source: app/templates/components/form/responses-table-card.hbs
2020-03-01T20:24:54.617Z [warn] WARNING: {{boolean-tag}} was not converted as it has positional parameters which can't be automatically converted. Source: app/templates/components/form/responses-table-row.hbs
2020-03-01T20:24:54.628Z [warn] WARNING: {{form/responses-table-row}} was not converted as it has positional parameters which can't be automatically converted. Source: app/templates/components/form/responses-table.hbs
2020-03-01T20:24:54.628Z [warn] WARNING: {{form/responses-table-totals}} was not converted as it has positional parameters which can't be automatically converted. Source: app/templates/components/form/responses-table.hbs
2020-03-01T20:24:54.301Z [warn] WARNING: {{form-control-feedback}} was not converted as it has positional parameters which can't be automatically converted. Source: app/templates/articles/form.hbs
2020-03-01T20:24:54.384Z [warn] WARNING: {{cards/article-card}} was not converted as it has positional parameters which can't be automatically converted. Source: app/templates/articles/show.hbs
2020-03-01T20:24:54.384Z [warn] WARNING: {{capitalize}} was not converted as it has positional parameters which can't be automatically converted. Source: app/templates/articles/show.hbs
2020-03-01T20:24:54.384Z [warn] WARNING: {{user-comment}} was not converted as it has positional parameters which can't be automatically converted. Source: app/templates/articles/show.hbs
2020-03-01T20:24:54.650Z [warn] WARNING: {{markdown-to-html}} was not converted as it has positional parameters which can't be automatically converted. Source: app/templates/components/md-editor.hbs
